2012/12/21 16:48:21 [trace] [system.CModule] Loading "log" application component
in /Applications/MAMP/htdocs/cms2/apps/backend/index.php (22)
2012/12/21 16:48:21 [trace] [system.CModule] Loading "request" application component
in /Applications/MAMP/htdocs/cms2/core/cms/extensions/yii-debug-toolbar/YiiDebugToolbarRoute.php (111)
in /Applications/MAMP/htdocs/cms2/apps/backend/index.php (22)
2012/12/21 16:48:21 [trace] [system.CModule] Loading "urlManager" application component
in /Applications/MAMP/htdocs/cms2/core/cms/components/HttpRequest.php (50)
in /Applications/MAMP/htdocs/cms2/core/cms/extensions/yii-debug-toolbar/YiiDebugToolbarRoute.php (111)
in /Applications/MAMP/htdocs/cms2/apps/backend/index.php (22)
2012/12/21 16:48:21 [trace] [system.CModule] Loading "viewRenderer" application component
in /Applications/MAMP/htdocs/cms2/core/cms/extensions/yii-debug-toolbar/panels/YiiDebugToolbarPanelViewsRendering.php (35)
in /Applications/MAMP/htdocs/cms2/core/cms/extensions/yii-debug-toolbar/YiiDebugToolbar.php (186)
in /Applications/MAMP/htdocs/cms2/core/cms/extensions/yii-debug-toolbar/YiiDebugToolbar.php (111)
2012/12/21 16:48:21 [trace] [system.CModule] Loading "db" application component
in /Applications/MAMP/htdocs/cms2/core/cms/extensions/yii-debug-toolbar/panels/YiiDebugToolbarPanelSql.php (46)
in /Applications/MAMP/htdocs/cms2/core/cms/extensions/yii-debug-toolbar/YiiDebugToolbar.php (177)
in /Applications/MAMP/htdocs/cms2/core/cms/extensions/yii-debug-toolbar/YiiDebugToolbar.php (111)
2012/12/21 16:48:21 [trace] [system.db.CDbConnection] Opening DB connection
in /Applications/MAMP/htdocs/cms2/core/cms/extensions/yii-debug-toolbar/panels/YiiDebugToolbarPanelSql.php (46)
in /Applications/MAMP/htdocs/cms2/core/cms/extensions/yii-debug-toolbar/YiiDebugToolbar.php (177)
in /Applications/MAMP/htdocs/cms2/core/cms/extensions/yii-debug-toolbar/YiiDebugToolbar.php (111)
2012/12/21 16:48:21 [trace] [system.CModule] Loading "clientScript" application component
in /Applications/MAMP/htdocs/cms2/core/cms/extensions/yii-debug-toolbar/YiiDebugToolbar.php (132)
in /Applications/MAMP/htdocs/cms2/core/cms/extensions/yii-debug-toolbar/YiiDebugToolbar.php (112)
in /Applications/MAMP/htdocs/cms2/core/cms/extensions/yii-debug-toolbar/YiiDebugToolbarRoute.php (133)
2012/12/21 16:48:21 [trace] [system.CModule] Loading "assetManager" application component
in /Applications/MAMP/htdocs/cms2/core/cms/extensions/yii-debug-toolbar/YiiDebugToolbar.php (80)
in /Applications/MAMP/htdocs/cms2/core/cms/extensions/yii-debug-toolbar/YiiDebugToolbar.php (139)
in /Applications/MAMP/htdocs/cms2/core/cms/extensions/yii-debug-toolbar/YiiDebugToolbar.php (112)
2012/12/21 16:48:21 [trace] [system.CModule] Loading "messages" application component
in /Applications/MAMP/htdocs/cms2/core/cms/globals.php (83)
in /Applications/MAMP/htdocs/cms2/apps/backend/protected/controllers/ObjectController.php (16)
in /Applications/MAMP/htdocs/cms2/apps/backend/index.php (22)
2012/12/21 16:48:21 [trace] [system.web.filters.CFilterChain] Running filter ObjectController.filterrights()
in /Applications/MAMP/htdocs/cms2/apps/backend/index.php (22)
2012/12/21 16:48:21 [trace] [system.CModule] Loading "user" application component
in /Applications/MAMP/htdocs/cms2/core/cms/modules/rights/components/RightsFilter.php (24)
in /Applications/MAMP/htdocs/cms2/core/cms/modules/rights/components/RController.php (39)
in /Applications/MAMP/htdocs/cms2/apps/backend/index.php (22)
2012/12/21 16:48:21 [trace] [system.CModule] Loading "session" application component
in /Applications/MAMP/htdocs/cms2/core/cms/modules/rights/components/RightsFilter.php (24)
in /Applications/MAMP/htdocs/cms2/core/cms/modules/rights/components/RController.php (39)
in /Applications/MAMP/htdocs/cms2/apps/backend/index.php (22)
2012/12/21 16:48:21 [trace] [system.db.CDbCommand] Querying SQL: 
SELECT data FROM gxc_session
WHERE expire>1356083301 AND id=:id
. Bound with :id='a029cfb2771b99af54e25d119a6fd7e9'
in /Applications/MAMP/htdocs/cms2/core/cms/modules/rights/components/RightsFilter.php (24)
in /Applications/MAMP/htdocs/cms2/core/cms/modules/rights/components/RController.php (39)
in /Applications/MAMP/htdocs/cms2/apps/backend/index.php (22)
2012/12/21 16:48:21 [trace] [system.CModule] Loading "securityManager" application component
in /Applications/MAMP/htdocs/cms2/core/cms/modules/rights/components/RightsFilter.php (24)
in /Applications/MAMP/htdocs/cms2/core/cms/modules/rights/components/RController.php (39)
in /Applications/MAMP/htdocs/cms2/apps/backend/index.php (22)
2012/12/21 16:48:21 [trace] [system.CModule] Loading "statePersister" application component
in /Applications/MAMP/htdocs/cms2/core/cms/modules/rights/components/RightsFilter.php (24)
in /Applications/MAMP/htdocs/cms2/core/cms/modules/rights/components/RController.php (39)
in /Applications/MAMP/htdocs/cms2/apps/backend/index.php (22)
2012/12/21 16:48:21 [trace] [system.CModule] Loading "cache" application component
in /Applications/MAMP/htdocs/cms2/core/cms/modules/rights/components/RightsFilter.php (24)
in /Applications/MAMP/htdocs/cms2/core/cms/modules/rights/components/RController.php (39)
in /Applications/MAMP/htdocs/cms2/apps/backend/index.php (22)
2012/12/21 16:48:21 [trace] [system.caching.CApcCache] Serving "Yii.CStatePersister./Applications/MAMP/htdocs/cms2/apps/backend/protected/runtime/state.bin" from cache
in /Applications/MAMP/htdocs/cms2/core/cms/modules/rights/components/RightsFilter.php (24)
in /Applications/MAMP/htdocs/cms2/core/cms/modules/rights/components/RController.php (39)
in /Applications/MAMP/htdocs/cms2/apps/backend/index.php (22)
2012/12/21 16:48:21 [trace] [system.CModule] Loading "widgetFactory" application component
in /Applications/MAMP/htdocs/cms2/apps/backend/protected/views/object/object_create.php (4)
in /Applications/MAMP/htdocs/cms2/core/cms/extensions/yii-debug-toolbar/components/YiiDebugViewRenderer.php (47)
in /Applications/MAMP/htdocs/cms2/apps/backend/protected/controllers/ObjectController.php (28)
2012/12/21 16:48:21 [trace] [system.caching.CApcCache] Serving "gxchelpers-content-types-false" from cache
in /Applications/MAMP/htdocs/cms2/core/cms/components/GxcHelpers.php (223)
in /Applications/MAMP/htdocs/cms2/core/cms/widgets/object/ObjectCreateWidget.php (42)
in /Applications/MAMP/htdocs/cms2/core/cms/widgets/object/ObjectCreateWidget.php (25)
2012/12/21 16:48:21 [trace] [system.db.CDbCommand] Querying SQL: SHOW COLUMNS FROM `gxc_object`
in /Applications/MAMP/htdocs/cms2/core/cms/widgets/object/ObjectCreateWidget.php (84)
in /Applications/MAMP/htdocs/cms2/core/cms/widgets/object/ObjectCreateWidget.php (25)
in /Applications/MAMP/htdocs/cms2/apps/backend/protected/views/object/object_create.php (4)
2012/12/21 16:48:21 [trace] [system.db.CDbCommand] Querying SQL: SHOW CREATE TABLE `gxc_object`
in /Applications/MAMP/htdocs/cms2/core/cms/widgets/object/ObjectCreateWidget.php (84)
in /Applications/MAMP/htdocs/cms2/core/cms/widgets/object/ObjectCreateWidget.php (25)
in /Applications/MAMP/htdocs/cms2/apps/backend/protected/views/object/object_create.php (4)
2012/12/21 16:48:21 [trace] [system.caching.CApcCache] Saving "yii:dbschemamysql:host=localhost;dbname=gxc_cms2:root:{{object}}" to cache
in /Applications/MAMP/htdocs/cms2/core/cms/widgets/object/ObjectCreateWidget.php (84)
in /Applications/MAMP/htdocs/cms2/core/cms/widgets/object/ObjectCreateWidget.php (25)
in /Applications/MAMP/htdocs/cms2/apps/backend/protected/views/object/object_create.php (4)
2012/12/21 16:48:21 [trace] [system.base.CModule] Loading "rights" module
in /Applications/MAMP/htdocs/cms2/core/cms/modules/rights/components/Rights.php (272)
in /Applications/MAMP/htdocs/cms2/core/cms/modules/rights/components/Rights.php (255)
in /Applications/MAMP/htdocs/cms2/core/cms/modules/rights/components/Rights.php (288)
2012/12/21 16:48:21 [trace] [system.CModule] Loading "authorizer" application component
in /Applications/MAMP/htdocs/cms2/core/cms/modules/rights/RightsModule.php (193)
in /Applications/MAMP/htdocs/cms2/core/cms/modules/rights/components/Rights.php (288)
in /Applications/MAMP/htdocs/cms2/core/cms/modules/rights/components/Rights.php (60)
2012/12/21 16:48:21 [trace] [system.CModule] Loading "authManager" application component
in /Applications/MAMP/htdocs/cms2/core/cms/modules/rights/components/RAuthorizer.php (27)
in /Applications/MAMP/htdocs/cms2/core/cms/modules/rights/RightsModule.php (193)
in /Applications/MAMP/htdocs/cms2/core/cms/modules/rights/components/Rights.php (288)
2012/12/21 16:48:21 [trace] [system.db.CDbCommand] Querying SQL: SELECT name,t1.type,description,t1.bizrule,t1.data,weight
					FROM gxc_auth_item t1
					LEFT JOIN gxc_auth_assignment t2 ON name=t2.itemname
					LEFT JOIN gxc_rights t3 ON name=t3.itemname
					WHERE t1.type=:type AND userid=:userid
					ORDER BY t1.type DESC, weight ASC. Bound with :type=2, :userid='1'
in /Applications/MAMP/htdocs/cms2/core/cms/modules/rights/components/RDbAuthManager.php (179)
in /Applications/MAMP/htdocs/cms2/core/cms/modules/rights/components/RAuthorizer.php (103)
in /Applications/MAMP/htdocs/cms2/core/cms/modules/rights/components/Rights.php (61)
2012/12/21 16:48:21 [trace] [system.db.CDbCommand] Querying SQL: SELECT name,t1.type,description,t1.bizrule,t1.data,weight
					FROM gxc_auth_item t1
					LEFT JOIN gxc_auth_assignment t2 ON name=t2.itemname
					LEFT JOIN gxc_rights t3 ON name=t3.itemname
					WHERE t1.type=:type AND userid=:userid
					ORDER BY t1.type DESC, weight ASC. Bound with :type=2, :userid='1'
in /Applications/MAMP/htdocs/cms2/core/cms/modules/rights/components/RDbAuthManager.php (179)
in /Applications/MAMP/htdocs/cms2/core/cms/modules/rights/components/RAuthorizer.php (103)
in /Applications/MAMP/htdocs/cms2/core/cms/modules/rights/components/Rights.php (61)
2012/12/21 16:48:21 [trace] [system.caching.CApcCache] Saving "gxchelpers-available-languages-false" to cache
in /Applications/MAMP/htdocs/cms2/core/cms/components/GxcHelpers.php (442)
in /Applications/MAMP/htdocs/cms2/core/cms/components/GxcHelpers.php (488)
in /Applications/MAMP/htdocs/cms2/core/cms/widgets/object/ObjectCreateWidget.php (117)
2012/12/21 16:48:21 [trace] [system.db.CDbCommand] Querying SQL: SHOW COLUMNS FROM `gxc_taxonomy`
in /Applications/MAMP/htdocs/cms2/core/cms/models/object/Taxonomy.php (22)
in /Applications/MAMP/htdocs/cms2/core/cms/widgets/object/ObjectCreateWidget.php (127)
in /Applications/MAMP/htdocs/cms2/core/cms/widgets/object/ObjectCreateWidget.php (25)
2012/12/21 16:48:21 [trace] [system.db.CDbCommand] Querying SQL: SHOW CREATE TABLE `gxc_taxonomy`
in /Applications/MAMP/htdocs/cms2/core/cms/models/object/Taxonomy.php (22)
in /Applications/MAMP/htdocs/cms2/core/cms/widgets/object/ObjectCreateWidget.php (127)
in /Applications/MAMP/htdocs/cms2/core/cms/widgets/object/ObjectCreateWidget.php (25)
2012/12/21 16:48:21 [trace] [system.caching.CApcCache] Saving "yii:dbschemamysql:host=localhost;dbname=gxc_cms2:root:{{taxonomy}}" to cache
in /Applications/MAMP/htdocs/cms2/core/cms/models/object/Taxonomy.php (22)
in /Applications/MAMP/htdocs/cms2/core/cms/widgets/object/ObjectCreateWidget.php (127)
in /Applications/MAMP/htdocs/cms2/core/cms/widgets/object/ObjectCreateWidget.php (25)
2012/12/21 16:48:21 [trace] [system.db.ar.CActiveRecord] Taxonomy.findAll()
in /Applications/MAMP/htdocs/cms2/core/cms/widgets/object/ObjectCreateWidget.php (129)
in /Applications/MAMP/htdocs/cms2/core/cms/widgets/object/ObjectCreateWidget.php (25)
in /Applications/MAMP/htdocs/cms2/apps/backend/protected/views/object/object_create.php (4)
2012/12/21 16:48:21 [trace] [system.db.CDbCommand] Querying SQL: SELECT * FROM `gxc_taxonomy` `t` WHERE  type = :type AND lang IN (1,2) . Bound with :type='article'
in /Applications/MAMP/htdocs/cms2/core/cms/widgets/object/ObjectCreateWidget.php (129)
in /Applications/MAMP/htdocs/cms2/core/cms/widgets/object/ObjectCreateWidget.php (25)
in /Applications/MAMP/htdocs/cms2/apps/backend/protected/views/object/object_create.php (4)
2012/12/21 16:48:21 [trace] [system.db.CDbCommand] Querying SQL: SHOW COLUMNS FROM `gxc_term`
in /Applications/MAMP/htdocs/cms2/core/cms/models/object/Term.php (24)
in /Applications/MAMP/htdocs/cms2/core/cms/widgets/object/ObjectCreateWidget.php (140)
in /Applications/MAMP/htdocs/cms2/core/cms/widgets/object/ObjectCreateWidget.php (25)
2012/12/21 16:48:21 [trace] [system.db.CDbCommand] Querying SQL: SHOW CREATE TABLE `gxc_term`
in /Applications/MAMP/htdocs/cms2/core/cms/models/object/Term.php (24)
in /Applications/MAMP/htdocs/cms2/core/cms/widgets/object/ObjectCreateWidget.php (140)
in /Applications/MAMP/htdocs/cms2/core/cms/widgets/object/ObjectCreateWidget.php (25)
2012/12/21 16:48:21 [trace] [system.caching.CApcCache] Saving "yii:dbschemamysql:host=localhost;dbname=gxc_cms2:root:{{term}}" to cache
in /Applications/MAMP/htdocs/cms2/core/cms/models/object/Term.php (24)
in /Applications/MAMP/htdocs/cms2/core/cms/widgets/object/ObjectCreateWidget.php (140)
in /Applications/MAMP/htdocs/cms2/core/cms/widgets/object/ObjectCreateWidget.php (25)
2012/12/21 16:48:21 [trace] [system.db.ar.CActiveRecord] Term.findAll()
in /Applications/MAMP/htdocs/cms2/core/cms/widgets/object/ObjectCreateWidget.php (146)
in /Applications/MAMP/htdocs/cms2/core/cms/widgets/object/ObjectCreateWidget.php (25)
in /Applications/MAMP/htdocs/cms2/apps/backend/protected/views/object/object_create.php (4)
2012/12/21 16:48:21 [trace] [system.db.CDbCommand] Querying SQL: SELECT * FROM `gxc_term` `t` WHERE taxonomy_id=:id ORDER BY t.parent ASC, t.order ASC. Bound with :id='1'
in /Applications/MAMP/htdocs/cms2/core/cms/widgets/object/ObjectCreateWidget.php (146)
in /Applications/MAMP/htdocs/cms2/core/cms/widgets/object/ObjectCreateWidget.php (25)
in /Applications/MAMP/htdocs/cms2/apps/backend/protected/views/object/object_create.php (4)
2012/12/21 16:48:21 [trace] [system.caching.CApcCache] Serving "gxchelpers-available-languages-false" from cache
in /Applications/MAMP/htdocs/cms2/core/cms/components/GxcHelpers.php (429)
in /Applications/MAMP/htdocs/cms2/core/cms/widgets/views/object/object_language_name_content_widget.php (15)
in /Applications/MAMP/htdocs/cms2/core/cms/extensions/yii-debug-toolbar/components/YiiDebugViewRenderer.php (47)
2012/12/21 16:48:21 [trace] [system.caching.CApcCache] Serving "gxchelpers-available-languages-false" from cache
in /Applications/MAMP/htdocs/cms2/core/cms/components/GxcHelpers.php (429)
in /Applications/MAMP/htdocs/cms2/core/cms/components/GxcHelpers.php (488)
in /Applications/MAMP/htdocs/cms2/core/cms/widgets/views/object/object_language_name_content_widget.php (18)
2012/12/21 16:48:21 [trace] [system.caching.CApcCache] Serving "gxchelpers-available-languages-false" from cache
in /Applications/MAMP/htdocs/cms2/core/cms/components/GxcHelpers.php (429)
in /Applications/MAMP/htdocs/cms2/core/cms/components/GxcHelpers.php (488)
in /Applications/MAMP/htdocs/cms2/core/cms/widgets/views/object/object_language_name_content_widget.php (19)
